1000, 216064, 1, 0, 0
2000, 216883, 1, 0, 0
3000, 216462, 1, 0, 0
4000, 217353, 1, 0, 0
5000, 217269, 1, 0, 0
6000, 217335, 1, 0, 0
7000, 218702, 1, 0, 0
8000, 217684, 1, 0, 0
9000, 218591, 1, 0, 0
10000, 217676, 1, 0, 0
11000, 218431, 1, 0, 0
12000, 218853, 1, 0, 0
13000, 217738, 1, 0, 0
14000, 218539, 1, 0, 0
15000, 218547, 1, 0, 0
16000, 217557, 1, 0, 0
17000, 218474, 1, 0, 0
18000, 218847, 1, 0, 0
19000, 218073, 1, 0, 0
20000, 217371, 1, 0, 0
21000, 219024, 1, 0, 0
22000, 219751, 1, 0, 0
23000, 219397, 1, 0, 0
24000, 218749, 1, 0, 0
25000, 218586, 1, 0, 0
26000, 218583, 1, 0, 0
27000, 218817, 1, 0, 0
28000, 219462, 1, 0, 0
29000, 218930, 1, 0, 0
30000, 217782, 1, 0, 0
31000, 217975, 1, 0, 0
32000, 217755, 1, 0, 0
33000, 218047, 1, 0, 0
34000, 218821, 1, 0, 0
35000, 219489, 1, 0, 0
36000, 220562, 1, 0, 0
37000, 218379, 1, 0, 0
38000, 220108, 1, 0, 0
39000, 218182, 1, 0, 0
40000, 217588, 1, 0, 0
41000, 218610, 1, 0, 0
42000, 218515, 1, 0, 0
43000, 218815, 1, 0, 0
44000, 218574, 1, 0, 0
45000, 218321, 1, 0, 0
46000, 218312, 1, 0, 0
47000, 218022, 1, 0, 0
48000, 217714, 1, 0, 0
49000, 217772, 1, 0, 0
50000, 218609, 1, 0, 0
51000, 218710, 1, 0, 0
52000, 218705, 1, 0, 0
53000, 218764, 1, 0, 0
54000, 218520, 1, 0, 0
55000, 217892, 1, 0, 0
56000, 217654, 1, 0, 0
57000, 217768, 1, 0, 0
58000, 218324, 1, 0, 0
59000, 218673, 1, 0, 0
60000, 217417, 1, 0, 0
61000, 218427, 1, 0, 0
62000, 219198, 1, 0, 0
63000, 218688, 1, 0, 0
64000, 218610, 1, 0, 0
65000, 218349, 1, 0, 0
66000, 219606, 1, 0, 0
67000, 219285, 1, 0, 0
68000, 218841, 1, 0, 0
69000, 218423, 1, 0, 0
70000, 217594, 1, 0, 0
71000, 220223, 1, 0, 0
72000, 219484, 1, 0, 0
73000, 218339, 1, 0, 0
74000, 218548, 1, 0, 0
75000, 218432, 1, 0, 0
76000, 218670, 1, 0, 0
77000, 219082, 1, 0, 0
78000, 219689, 1, 0, 0
79000, 218798, 1, 0, 0
80000, 219099, 1, 0, 0
81000, 218681, 1, 0, 0
82000, 218864, 1, 0, 0
83000, 219055, 1, 0, 0
84000, 218854, 1, 0, 0
85000, 219040, 1, 0, 0
86000, 218987, 1, 0, 0
87000, 219323, 1, 0, 0
88000, 219349, 1, 0, 0
89000, 218951, 1, 0, 0
90000, 219493, 1, 0, 0
91000, 218701, 1, 0, 0
92000, 219343, 1, 0, 0
93000, 218829, 1, 0, 0
94000, 218637, 1, 0, 0
95000, 218845, 1, 0, 0
96000, 220288, 1, 0, 0
97000, 218722, 1, 0, 0
98000, 219243, 1, 0, 0
99000, 218847, 1, 0, 0
100000, 218310, 1, 0, 0
101000, 220533, 1, 0, 0
102000, 218712, 1, 0, 0
103000, 218819, 1, 0, 0
104000, 218976, 1, 0, 0
105000, 218540, 1, 0, 0
106000, 218756, 1, 0, 0
107000, 219149, 1, 0, 0
108000, 218539, 1, 0, 0
109000, 218758, 1, 0, 0
110000, 218665, 1, 0, 0
111000, 218901, 1, 0, 0
112000, 218670, 1, 0, 0
113000, 218953, 1, 0, 0
114000, 218719, 1, 0, 0
115000, 219663, 1, 0, 0
116000, 218737, 1, 0, 0
117000, 219084, 1, 0, 0
118000, 218764, 1, 0, 0
119000, 218987, 1, 0, 0
120000, 218670, 1, 0, 0
121000, 219360, 1, 0, 0
122000, 218519, 1, 0, 0
123000, 218859, 1, 0, 0
124000, 218525, 1, 0, 0
125000, 219973, 1, 0, 0
126000, 218548, 1, 0, 0
127000, 219893, 1, 0, 0
128000, 218382, 1, 0, 0
129000, 218842, 1, 0, 0
130000, 218529, 1, 0, 0
131000, 218581, 1, 0, 0
132000, 218596, 1, 0, 0
133000, 219158, 1, 0, 0
134000, 219880, 1, 0, 0
135000, 219787, 1, 0, 0
136000, 219627, 1, 0, 0
137000, 219465, 1, 0, 0
138000, 218823, 1, 0, 0
139000, 218341, 1, 0, 0
140000, 218257, 1, 0, 0
141000, 218967, 1, 0, 0
142000, 218434, 1, 0, 0
143000, 218589, 1, 0, 0
144000, 218777, 1, 0, 0
145000, 219246, 1, 0, 0
146000, 218563, 1, 0, 0
147000, 218621, 1, 0, 0
148000, 218503, 1, 0, 0
149000, 219300, 1, 0, 0
150000, 217675, 1, 0, 0
151000, 218766, 1, 0, 0
152000, 218741, 1, 0, 0
153000, 218424, 1, 0, 0
154000, 218376, 1, 0, 0
155000, 218609, 1, 0, 0
156000, 218787, 1, 0, 0
157000, 218448, 1, 0, 0
158000, 218549, 1, 0, 0
159000, 218565, 1, 0, 0
160000, 217699, 1, 0, 0
161000, 218872, 1, 0, 0
162000, 219182, 1, 0, 0
163000, 218646, 1, 0, 0
164000, 218288, 1, 0, 0
165000, 219516, 1, 0, 0
166000, 218597, 1, 0, 0
167000, 218676, 1, 0, 0
168000, 218545, 1, 0, 0
169000, 218786, 1, 0, 0
170000, 218445, 1, 0, 0
171000, 218735, 1, 0, 0
172000, 218561, 1, 0, 0
173000, 219764, 1, 0, 0
174000, 218536, 1, 0, 0
175000, 218815, 1, 0, 0
176000, 218602, 1, 0, 0
177000, 219880, 1, 0, 0
178000, 219293, 1, 0, 0
179000, 219531, 1, 0, 0
180000, 218634, 1, 0, 0
181000, 218855, 1, 0, 0
182000, 218516, 1, 0, 0
183000, 218777, 1, 0, 0
184000, 218675, 1, 0, 0
185000, 218500, 1, 0, 0
186000, 218452, 1, 0, 0
187000, 218826, 1, 0, 0
188000, 218716, 1, 0, 0
189000, 218436, 1, 0, 0
190000, 219080, 1, 0, 0
191000, 218928, 1, 0, 0
192000, 218552, 1, 0, 0
193000, 218942, 1, 0, 0
194000, 218338, 1, 0, 0
195000, 219425, 1, 0, 0
196000, 218568, 1, 0, 0
197000, 218523, 1, 0, 0
198000, 218099, 1, 0, 0
199000, 218092, 1, 0, 0
200000, 219837, 1, 0, 0
201000, 218121, 1, 0, 0
202000, 218765, 1, 0, 0
203000, 219334, 1, 0, 0
204000, 218287, 1, 0, 0
205000, 219946, 1, 0, 0
206000, 217242, 1, 0, 0
207000, 218051, 1, 0, 0
208000, 218456, 1, 0, 0
209000, 219962, 1, 0, 0
210000, 218819, 1, 0, 0
211000, 219112, 1, 0, 0
212000, 218783, 1, 0, 0
213000, 218947, 1, 0, 0
214000, 218727, 1, 0, 0
215000, 218824, 1, 0, 0
216000, 219196, 1, 0, 0
217000, 218351, 1, 0, 0
218000, 217645, 1, 0, 0
219000, 219350, 1, 0, 0
220000, 218813, 1, 0, 0
221000, 219053, 1, 0, 0
222000, 218758, 1, 0, 0
223000, 218801, 1, 0, 0
224000, 218584, 1, 0, 0
225000, 218644, 1, 0, 0
226000, 218752, 1, 0, 0
227000, 218930, 1, 0, 0
228000, 219461, 1, 0, 0
229000, 219509, 1, 0, 0
230000, 217894, 1, 0, 0
231000, 218831, 1, 0, 0
232000, 218540, 1, 0, 0
233000, 219088, 1, 0, 0
234000, 217603, 1, 0, 0
235000, 218431, 1, 0, 0
236000, 217711, 1, 0, 0
237000, 218388, 1, 0, 0
238000, 217693, 1, 0, 0
239000, 218400, 1, 0, 0
240000, 217826, 1, 0, 0
241000, 219747, 1, 0, 0
242000, 219116, 1, 0, 0
243000, 218925, 1, 0, 0
244000, 218523, 1, 0, 0
245000, 218149, 1, 0, 0
246000, 218741, 1, 0, 0
247000, 218768, 1, 0, 0
248000, 218677, 1, 0, 0
249000, 219000, 1, 0, 0
250000, 217768, 1, 0, 0
251000, 218501, 1, 0, 0
252000, 217762, 1, 0, 0
253000, 219146, 1, 0, 0
254000, 218421, 1, 0, 0
255000, 217830, 1, 0, 0
256000, 218528, 1, 0, 0
257000, 219511, 1, 0, 0
258000, 217944, 1, 0, 0
259000, 219252, 1, 0, 0
260000, 218315, 1, 0, 0
261000, 218552, 1, 0, 0
262000, 218149, 1, 0, 0
263000, 218818, 1, 0, 0
264000, 218341, 1, 0, 0
265000, 219000, 1, 0, 0
266000, 219048, 1, 0, 0
267000, 221315, 1, 0, 0
268000, 218834, 1, 0, 0
269000, 218225, 1, 0, 0
270000, 219492, 1, 0, 0
271000, 219118, 1, 0, 0
272000, 219035, 1, 0, 0
273000, 219159, 1, 0, 0
274000, 218273, 1, 0, 0
275000, 218460, 1, 0, 0
276000, 218444, 1, 0, 0
277000, 218812, 1, 0, 0
278000, 219006, 1, 0, 0
279000, 218893, 1, 0, 0
280000, 217439, 1, 0, 0
281000, 218349, 1, 0, 0
282000, 218348, 1, 0, 0
283000, 218577, 1, 0, 0
284000, 218684, 1, 0, 0
285000, 218587, 1, 0, 0
286000, 218485, 1, 0, 0
287000, 218544, 1, 0, 0
288000, 218589, 1, 0, 0
289000, 218409, 1, 0, 0
290000, 218658, 1, 0, 0
291000, 218618, 1, 0, 0
292000, 218601, 1, 0, 0
293000, 218913, 1, 0, 0
294000, 217989, 1, 0, 0
295000, 218904, 1, 0, 0
296000, 218446, 1, 0, 0
297000, 220125, 1, 0, 0
298000, 218521, 1, 0, 0
299000, 219013, 1, 0, 0
300000, 221989, 1, 0, 0
301000, 218450, 1, 0, 0
302000, 218838, 1, 0, 0
303000, 219542, 1, 0, 0
304000, 218000, 1, 0, 0
305000, 218261, 1, 0, 0
306000, 218183, 1, 0, 0
307000, 218720, 1, 0, 0
308000, 218328, 1, 0, 0
309000, 218502, 1, 0, 0
310000, 218286, 1, 0, 0
311000, 217810, 1, 0, 0
312000, 217541, 1, 0, 0
313000, 217891, 1, 0, 0
314000, 219006, 1, 0, 0
315000, 219179, 1, 0, 0
316000, 218504, 1, 0, 0
317000, 218876, 1, 0, 0
318000, 217415, 1, 0, 0
319000, 218266, 1, 0, 0
320000, 217669, 1, 0, 0
321000, 217756, 1, 0, 0
322000, 218383, 1, 0, 0
323000, 219018, 1, 0, 0
324000, 218588, 1, 0, 0
325000, 218347, 1, 0, 0
326000, 217673, 1, 0, 0
327000, 217714, 1, 0, 0
328000, 217612, 1, 0, 0
329000, 217938, 1, 0, 0
330000, 218549, 1, 0, 0
331000, 218794, 1, 0, 0
332000, 217582, 1, 0, 0
333000, 217984, 1, 0, 0
334000, 218718, 1, 0, 0
335000, 217907, 1, 0, 0
336000, 217362, 1, 0, 0
337000, 218402, 1, 0, 0
338000, 218892, 1, 0, 0
339000, 220375, 1, 0, 0
340000, 218272, 1, 0, 0
341000, 219011, 1, 0, 0
342000, 218923, 1, 0, 0
343000, 218459, 1, 0, 0
344000, 218404, 1, 0, 0
345000, 218482, 1, 0, 0
346000, 218230, 1, 0, 0
347000, 219095, 1, 0, 0
348000, 219476, 1, 0, 0
349000, 217936, 1, 0, 0
350000, 217956, 1, 0, 0
351000, 218506, 1, 0, 0
352000, 217348, 1, 0, 0
353000, 217991, 1, 0, 0
354000, 217265, 1, 0, 0
355000, 219767, 1, 0, 0
356000, 217949, 1, 0, 0
357000, 218464, 1, 0, 0
358000, 218428, 1, 0, 0
359000, 219049, 1, 0, 0
360000, 217398, 1, 0, 0
361000, 218072, 1, 0, 0
362000, 217208, 1, 0, 0
363000, 217848, 1, 0, 0
364000, 217372, 1, 0, 0
365000, 218526, 1, 0, 0
366000, 217583, 1, 0, 0
367000, 218488, 1, 0, 0
368000, 218655, 1, 0, 0
369000, 218069, 1, 0, 0
370000, 218666, 1, 0, 0
371000, 219239, 1, 0, 0
372000, 218474, 1, 0, 0
373000, 218784, 1, 0, 0
374000, 218408, 1, 0, 0
375000, 218458, 1, 0, 0
376000, 218685, 1, 0, 0
377000, 218493, 1, 0, 0
378000, 218074, 1, 0, 0
379000, 219696, 1, 0, 0
380000, 218944, 1, 0, 0
381000, 219350, 1, 0, 0
382000, 217534, 1, 0, 0
383000, 217853, 1, 0, 0
384000, 217341, 1, 0, 0
385000, 217926, 1, 0, 0
386000, 218913, 1, 0, 0
387000, 218115, 1, 0, 0
388000, 217729, 1, 0, 0
389000, 218135, 1, 0, 0
390000, 218222, 1, 0, 0
391000, 217461, 1, 0, 0
392000, 218217, 1, 0, 0
393000, 218005, 1, 0, 0
394000, 218704, 1, 0, 0
395000, 219164, 1, 0, 0
396000, 218581, 1, 0, 0
397000, 218732, 1, 0, 0
398000, 219231, 1, 0, 0
399000, 217848, 1, 0, 0
400000, 217703, 1, 0, 0
401000, 217990, 1, 0, 0
402000, 217715, 1, 0, 0
403000, 218024, 1, 0, 0
404000, 217544, 1, 0, 0
405000, 219250, 1, 0, 0
406000, 218604, 1, 0, 0
407000, 218716, 1, 0, 0
408000, 218697, 1, 0, 0
409000, 218750, 1, 0, 0
410000, 219346, 1, 0, 0
411000, 218803, 1, 0, 0
412000, 218530, 1, 0, 0
413000, 218688, 1, 0, 0
414000, 218337, 1, 0, 0
415000, 218968, 1, 0, 0
416000, 221037, 1, 0, 0
417000, 218790, 1, 0, 0
418000, 219150, 1, 0, 0
419000, 219385, 1, 0, 0
420000, 219270, 1, 0, 0
421000, 218463, 1, 0, 0
422000, 218467, 1, 0, 0
423000, 218270, 1, 0, 0
424000, 218319, 1, 0, 0
425000, 219396, 1, 0, 0
426000, 218701, 1, 0, 0
427000, 218919, 1, 0, 0
428000, 218245, 1, 0, 0
429000, 217973, 1, 0, 0
430000, 217794, 1, 0, 0
431000, 218083, 1, 0, 0
432000, 217516, 1, 0, 0
433000, 217974, 1, 0, 0
434000, 218787, 1, 0, 0
435000, 218819, 1, 0, 0
436000, 218783, 1, 0, 0
437000, 218169, 1, 0, 0
438000, 217733, 1, 0, 0
439000, 217960, 1, 0, 0
440000, 218083, 1, 0, 0
441000, 218401, 1, 0, 0
442000, 218281, 1, 0, 0
443000, 218623, 1, 0, 0
444000, 219209, 1, 0, 0
445000, 218657, 1, 0, 0
446000, 219617, 1, 0, 0
447000, 218332, 1, 0, 0
448000, 219290, 1, 0, 0
449000, 218101, 1, 0, 0
450000, 217735, 1, 0, 0
451000, 217729, 1, 0, 0
452000, 218780, 1, 0, 0
453000, 217992, 1, 0, 0
454000, 218946, 1, 0, 0
455000, 219433, 1, 0, 0
456000, 218824, 1, 0, 0
457000, 219910, 1, 0, 0
458000, 218702, 1, 0, 0
459000, 218774, 1, 0, 0
460000, 218774, 1, 0, 0
461000, 218572, 1, 0, 0
462000, 218741, 1, 0, 0
463000, 218822, 1, 0, 0
464000, 218504, 1, 0, 0
465000, 218732, 1, 0, 0
466000, 219680, 1, 0, 0
467000, 218788, 1, 0, 0
468000, 219726, 1, 0, 0
469000, 218000, 1, 0, 0
470000, 217925, 1, 0, 0
471000, 217885, 1, 0, 0
472000, 218303, 1, 0, 0
473000, 217930, 1, 0, 0
474000, 218085, 1, 0, 0
475000, 219174, 1, 0, 0
476000, 219356, 1, 0, 0
477000, 218919, 1, 0, 0
478000, 218371, 1, 0, 0
479000, 217701, 1, 0, 0
480000, 218346, 1, 0, 0
481000, 217984, 1, 0, 0
482000, 218527, 1, 0, 0
483000, 217949, 1, 0, 0
484000, 218309, 1, 0, 0
485000, 218587, 1, 0, 0
486000, 218672, 1, 0, 0
487000, 218669, 1, 0, 0
488000, 217800, 1, 0, 0
489000, 218349, 1, 0, 0
490000, 218321, 1, 0, 0
491000, 219041, 1, 0, 0
492000, 217887, 1, 0, 0
493000, 218006, 1, 0, 0
494000, 217864, 1, 0, 0
495000, 218110, 1, 0, 0
496000, 217817, 1, 0, 0
497000, 218182, 1, 0, 0
498000, 218430, 1, 0, 0
499000, 218011, 1, 0, 0
500000, 218244, 1, 0, 0
501000, 218116, 1, 0, 0
502000, 218850, 1, 0, 0
503000, 218278, 1, 0, 0
504000, 218392, 1, 0, 0
505000, 218869, 1, 0, 0
506000, 218731, 1, 0, 0
507000, 220324, 1, 0, 0
508000, 219107, 1, 0, 0
509000, 219708, 1, 0, 0
510000, 218045, 1, 0, 0
511000, 217857, 1, 0, 0
512000, 217731, 1, 0, 0
513000, 218090, 1, 0, 0
514000, 217599, 1, 0, 0
515000, 218099, 1, 0, 0
516000, 218206, 1, 0, 0
517000, 218222, 1, 0, 0
518000, 218883, 1, 0, 0
519000, 219116, 1, 0, 0
520000, 218863, 1, 0, 0
521000, 218290, 1, 0, 0
522000, 217655, 1, 0, 0
523000, 218062, 1, 0, 0
524000, 217945, 1, 0, 0
525000, 218179, 1, 0, 0
526000, 218600, 1, 0, 0
527000, 218196, 1, 0, 0
528000, 217923, 1, 0, 0
529000, 218055, 1, 0, 0
530000, 219944, 1, 0, 0
531000, 219098, 1, 0, 0
532000, 218817, 1, 0, 0
533000, 219419, 1, 0, 0
534000, 217829, 1, 0, 0
535000, 218096, 1, 0, 0
536000, 218151, 1, 0, 0
537000, 218291, 1, 0, 0
538000, 218337, 1, 0, 0
539000, 217967, 1, 0, 0
540000, 217437, 1, 0, 0
541000, 218056, 1, 0, 0
542000, 218397, 1, 0, 0
543000, 218593, 1, 0, 0
544000, 218722, 1, 0, 0
545000, 218199, 1, 0, 0
546000, 217207, 1, 0, 0
547000, 218516, 1, 0, 0
548000, 219264, 1, 0, 0
549000, 218215, 1, 0, 0
550000, 217582, 1, 0, 0
551000, 218301, 1, 0, 0
552000, 217492, 1, 0, 0
553000, 218687, 1, 0, 0
554000, 217522, 1, 0, 0
555000, 218129, 1, 0, 0
556000, 218581, 1, 0, 0
557000, 218284, 1, 0, 0
558000, 217601, 1, 0, 0
559000, 218119, 1, 0, 0
560000, 217528, 1, 0, 0
561000, 218123, 1, 0, 0
562000, 218356, 1, 0, 0
563000, 218142, 1, 0, 0
564000, 217415, 1, 0, 0
565000, 218496, 1, 0, 0
566000, 217876, 1, 0, 0
567000, 218145, 1, 0, 0
568000, 218539, 1, 0, 0
569000, 218251, 1, 0, 0
570000, 219667, 1, 0, 0
571000, 218190, 1, 0, 0
572000, 218541, 1, 0, 0
573000, 220402, 1, 0, 0
574000, 217632, 1, 0, 0
575000, 219265, 1, 0, 0
576000, 219741, 1, 0, 0
577000, 219245, 1, 0, 0
578000, 218171, 1, 0, 0
579000, 218328, 1, 0, 0
580000, 218538, 1, 0, 0
581000, 218269, 1, 0, 0
582000, 219615, 1, 0, 0
583000, 218731, 1, 0, 0
584000, 218768, 1, 0, 0
585000, 218794, 1, 0, 0
586000, 218178, 1, 0, 0
587000, 218246, 1, 0, 0
588000, 218593, 1, 0, 0
589000, 218016, 1, 0, 0
590000, 218043, 1, 0, 0
591000, 218746, 1, 0, 0
592000, 218753, 1, 0, 0
593000, 218853, 1, 0, 0
594000, 218140, 1, 0, 0
595000, 218566, 1, 0, 0
596000, 218753, 1, 0, 0
597000, 218262, 1, 0, 0
598000, 219322, 1, 0, 0
599000, 219200, 1, 0, 0
600000, 218159, 1, 0, 0
601000, 218380, 1, 0, 0
602000, 218442, 1, 0, 0
603000, 218683, 1, 0, 0
604000, 218005, 1, 0, 0
605000, 218809, 1, 0, 0
606000, 218919, 1, 0, 0
607000, 218627, 1, 0, 0
608000, 218251, 1, 0, 0
609000, 218520, 1, 0, 0
610000, 218779, 1, 0, 0
611000, 218901, 1, 0, 0
612000, 217996, 1, 0, 0
613000, 217863, 1, 0, 0
614000, 217843, 1, 0, 0
615000, 218970, 1, 0, 0
616000, 218262, 1, 0, 0
617000, 217973, 1, 0, 0
618000, 218377, 1, 0, 0
619000, 218673, 1, 0, 0
620000, 218709, 1, 0, 0
621000, 218098, 1, 0, 0
622000, 218971, 1, 0, 0
623000, 218700, 1, 0, 0
624000, 218270, 1, 0, 0
625000, 218712, 1, 0, 0
626000, 218796, 1, 0, 0
627000, 218945, 1, 0, 0
628000, 218928, 1, 0, 0
629000, 218330, 1, 0, 0
630000, 218757, 1, 0, 0
631000, 218949, 1, 0, 0
632000, 218264, 1, 0, 0
633000, 218241, 1, 0, 0
634000, 219335, 1, 0, 0
635000, 218844, 1, 0, 0
636000, 219482, 1, 0, 0
637000, 219482, 1, 0, 0
638000, 219007, 1, 0, 0
639000, 218366, 1, 0, 0
640000, 217418, 1, 0, 0
641000, 218763, 1, 0, 0
642000, 219068, 1, 0, 0
643000, 219010, 1, 0, 0
644000, 217427, 1, 0, 0
645000, 219010, 1, 0, 0
646000, 217485, 1, 0, 0
647000, 218342, 1, 0, 0
648000, 217595, 1, 0, 0
649000, 218106, 1, 0, 0
650000, 217557, 1, 0, 0
651000, 218357, 1, 0, 0
652000, 217436, 1, 0, 0
653000, 218211, 1, 0, 0
654000, 218071, 1, 0, 0
655000, 218977, 1, 0, 0
656000, 217421, 1, 0, 0
657000, 218403, 1, 0, 0
658000, 217895, 1, 0, 0
659000, 218279, 1, 0, 0
660000, 217442, 1, 0, 0
661000, 218771, 1, 0, 0
662000, 217476, 1, 0, 0
663000, 218334, 1, 0, 0
664000, 218535, 1, 0, 0
665000, 218341, 1, 0, 0
666000, 217513, 1, 0, 0
667000, 218116, 1, 0, 0
668000, 217517, 1, 0, 0
669000, 218321, 1, 0, 0
670000, 219861, 1, 0, 0
671000, 218362, 1, 0, 0
672000, 217567, 1, 0, 0
673000, 218299, 1, 0, 0
674000, 218440, 1, 0, 0
675000, 218513, 1, 0, 0
676000, 218120, 1, 0, 0
677000, 218082, 1, 0, 0
678000, 217902, 1, 0, 0
679000, 218469, 1, 0, 0
680000, 217554, 1, 0, 0
681000, 218303, 1, 0, 0
682000, 218396, 1, 0, 0
683000, 219154, 1, 0, 0
684000, 218259, 1, 0, 0
685000, 218323, 1, 0, 0
686000, 217787, 1, 0, 0
687000, 218519, 1, 0, 0
688000, 218252, 1, 0, 0
689000, 218393, 1, 0, 0
690000, 217943, 1, 0, 0
690606, 219599, 1, 0, 0
