1000, 55681, 0, 0, 0
2000, 54509, 0, 0, 0
3000, 55062, 0, 0, 0
4000, 55327, 0, 0, 0
5000, 55036, 0, 0, 0
6000, 57143, 0, 0, 0
7000, 55609, 0, 0, 0
8000, 56419, 0, 0, 0
9000, 54323, 0, 0, 0
10000, 54387, 0, 0, 0
11000, 55926, 0, 0, 0
12000, 54369, 0, 0, 0
13000, 55189, 0, 0, 0
14000, 55234, 0, 0, 0
15000, 56573, 0, 0, 0
16000, 55080, 0, 0, 0
17000, 56001, 0, 0, 0
18000, 55066, 0, 0, 0
19000, 55037, 0, 0, 0
20000, 54767, 0, 0, 0
21000, 55089, 0, 0, 0
22000, 54483, 0, 0, 0
23000, 53822, 0, 0, 0
24000, 55251, 0, 0, 0
25000, 55096, 0, 0, 0
26000, 55020, 0, 0, 0
27000, 56108, 0, 0, 0
28000, 55852, 0, 0, 0
29000, 55278, 0, 0, 0
30000, 55790, 0, 0, 0
31000, 55396, 0, 0, 0
32000, 54267, 0, 0, 0
33000, 55279, 0, 0, 0
34000, 55303, 0, 0, 0
35000, 55367, 0, 0, 0
36000, 55116, 0, 0, 0
37000, 55412, 0, 0, 0
38000, 55971, 0, 0, 0
39000, 55894, 0, 0, 0
40000, 56667, 0, 0, 0
41000, 54226, 0, 0, 0
42000, 54546, 0, 0, 0
43000, 55507, 0, 0, 0
44000, 54738, 0, 0, 0
45000, 55262, 0, 0, 0
46000, 54456, 0, 0, 0
47000, 54864, 0, 0, 0
48000, 54287, 0, 0, 0
49000, 56587, 0, 0, 0
50000, 57023, 0, 0, 0
51000, 56527, 0, 0, 0
52000, 56545, 0, 0, 0
53000, 57082, 0, 0, 0
54000, 55858, 0, 0, 0
55000, 54035, 0, 0, 0
56000, 54632, 0, 0, 0
57000, 55213, 0, 0, 0
58000, 55220, 0, 0, 0
59000, 55281, 0, 0, 0
60000, 55236, 0, 0, 0
61000, 54806, 0, 0, 0
62000, 54288, 0, 0, 0
63000, 55499, 0, 0, 0
64000, 54189, 0, 0, 0
65000, 55144, 0, 0, 0
66000, 54240, 0, 0, 0
67000, 54820, 0, 0, 0
68000, 54031, 0, 0, 0
69000, 54503, 0, 0, 0
70000, 54156, 0, 0, 0
71000, 55012, 0, 0, 0
72000, 54715, 0, 0, 0
73000, 55478, 0, 0, 0
74000, 55257, 0, 0, 0
75000, 55724, 0, 0, 0
76000, 54473, 0, 0, 0
77000, 55755, 0, 0, 0
78000, 55269, 0, 0, 0
79000, 55306, 0, 0, 0
80000, 54201, 0, 0, 0
81000, 55116, 0, 0, 0
82000, 55258, 0, 0, 0
83000, 55491, 0, 0, 0
84000, 55417, 0, 0, 0
85000, 55495, 0, 0, 0
86000, 55662, 0, 0, 0
87000, 55566, 0, 0, 0
88000, 54719, 0, 0, 0
89000, 54971, 0, 0, 0
90000, 54194, 0, 0, 0
91000, 54615, 0, 0, 0
92000, 54166, 0, 0, 0
93000, 55276, 0, 0, 0
94000, 55310, 0, 0, 0
95000, 54786, 0, 0, 0
96000, 54096, 0, 0, 0
97000, 55214, 0, 0, 0
98000, 55590, 0, 0, 0
99000, 55171, 0, 0, 0
100000, 54262, 0, 0, 0
101000, 55065, 0, 0, 0
102000, 55540, 0, 0, 0
103000, 55633, 0, 0, 0
104000, 55363, 0, 0, 0
105000, 55758, 0, 0, 0
106000, 54560, 0, 0, 0
107000, 55867, 0, 0, 0
108000, 54084, 0, 0, 0
109000, 54615, 0, 0, 0
110000, 54469, 0, 0, 0
111000, 55659, 0, 0, 0
112000, 54840, 0, 0, 0
113000, 55342, 0, 0, 0
114000, 55166, 0, 0, 0
115000, 54778, 0, 0, 0
116000, 54736, 0, 0, 0
117000, 57422, 0, 0, 0
118000, 56976, 0, 0, 0
119000, 55382, 0, 0, 0
120000, 54008, 0, 0, 0
121000, 55101, 0, 0, 0
122000, 54199, 0, 0, 0
123000, 54873, 0, 0, 0
124000, 54473, 0, 0, 0
125000, 55412, 0, 0, 0
126000, 54780, 0, 0, 0
127000, 55205, 0, 0, 0
128000, 55046, 0, 0, 0
129000, 55771, 0, 0, 0
130000, 55843, 0, 0, 0
131000, 54934, 0, 0, 0
132000, 56574, 0, 0, 0
133000, 55762, 0, 0, 0
134000, 55959, 0, 0, 0
135000, 54637, 0, 0, 0
136000, 54212, 0, 0, 0
137000, 54840, 0, 0, 0
138000, 55497, 0, 0, 0
139000, 54239, 0, 0, 0
140000, 54429, 0, 0, 0
141000, 55289, 0, 0, 0
142000, 55187, 0, 0, 0
143000, 54657, 0, 0, 0
144000, 54316, 0, 0, 0
145000, 55627, 0, 0, 0
146000, 54934, 0, 0, 0
147000, 54551, 0, 0, 0
148000, 54875, 0, 0, 0
149000, 55330, 0, 0, 0
150000, 55186, 0, 0, 0
151000, 54643, 0, 0, 0
152000, 55007, 0, 0, 0
153000, 55598, 0, 0, 0
154000, 55180, 0, 0, 0
155000, 55466, 0, 0, 0
156000, 55041, 0, 0, 0
157000, 54983, 0, 0, 0
158000, 55635, 0, 0, 0
159000, 54910, 0, 0, 0
160000, 55168, 0, 0, 0
161000, 57390, 0, 0, 0
162000, 56971, 0, 0, 0
163000, 56111, 0, 0, 0
164000, 56559, 0, 0, 0
165000, 56200, 0, 0, 0
166000, 55196, 0, 0, 0
167000, 55197, 0, 0, 0
168000, 54987, 0, 0, 0
169000, 56139, 0, 0, 0
170000, 56053, 0, 0, 0
171000, 55132, 0, 0, 0
172000, 55247, 0, 0, 0
173000, 54597, 0, 0, 0
174000, 55586, 0, 0, 0
175000, 55060, 0, 0, 0
176000, 55016, 0, 0, 0
176786, 55009, 0, 0, 0
